Running: C:\Xilinx\13.2\ISE_DS\ISE\bin\nt\unwrapped\fuse.exe -intstyle ise -incremental -lib unisims_ver -lib unimacro_ver -lib xilinxcorelib_ver -lib secureip -o C:/Documents and Settings/student/Desktop/final/test_morse_decoder_isim_beh.exe -prj C:/Documents and Settings/student/Desktop/final/test_morse_decoder_beh.prj work.test_morse_decoder work.glbl 
ISim O.61xd (signature 0x6dd86d03)
Number of CPUs detected in this system: 1
Turning on mult-threading, number of parallel sub-compilation jobs: 0 
Determining compilation order of HDL files
Analyzing Verilog file \"C:/Documents and Settings/student/Desktop/final/morse_decoder.v\" into library work
Analyzing Verilog file \"C:/Documents and Settings/student/Desktop/final/test_morse_decoder.v\" into library work
Analyzing Verilog file \"C:/Xilinx/13.2/ISE_DS/ISE//verilog/src/glbl.v\" into library work
Starting static elaboration
WARNING:HDLCompiler:189 - "C:/Documents and Settings/student/Desktop/final/test_morse_decoder.v" Line 59: Size mismatch in connection of port <touch_cycles>. Formal port size is 32-bit while actual signal size is 31-bit.
Completed static elaboration
Fuse Memory Usage: 59988 KB
Fuse CPU Usage: 340 ms
Compiling module morse_decoder
Compiling module test_morse_decoder
Compiling module glbl
Time Resolution for simulation is 1ps.
Compiled 3 Verilog Units
Built simulation executable C:/Documents and Settings/student/Desktop/final/test_morse_decoder_isim_beh.exe
Fuse Memory Usage: 64472 KB
Fuse CPU Usage: 440 ms
