Command line:
   morse_decoder_isim_beh.exe
     -simmode  gui
     -simrunnum  0
     -socket  1511

Sun Dec 09 20:57:49 2012


 Elaboration Time: 0.060085 sec

 Current Memory Usage: 307.302 Meg

 Total Signals          : 18
 Total Nets             : 96
 Total Signal Drivers   : 14
 Total Blocks           : 2
 Total Primitive Blocks : 2
 Total Processes        : 16
 Total Traceable Variables  : 27
 Total Scalar Nets and Variables : 254
Total Line Count : 521

 Total Simulation Time: 0.090129 sec

 Current Memory Usage: 307.302 Meg

Sun Dec 09 20:57:52 2012

